\BOOKMARK [1][-]{section.1}{\376\377\000I\000n\000t\000r\000o\000d\000u\000c\000t\000i\000o\000n}{}% 1
\BOOKMARK [2][-]{subsection.1.1}{\376\377\000P\000r\000o\000b\000l\000e\000m\000\040\000S\000t\000a\000t\000e\000m\000e\000n\000t\000\040\000\046\000\040\000P\000r\000i\000o\000r\000\040\000w\000o\000r\000k}{section.1}% 2
\BOOKMARK [2][-]{subsection.1.2}{\376\377\000C\000o\000n\000t\000r\000i\000b\000u\000t\000i\000o\000n\000s}{section.1}% 3
\BOOKMARK [2][-]{subsection.1.3}{\376\377\000P\000a\000p\000e\000r\000\040\000o\000r\000g\000a\000n\000i\000z\000a\000t\000i\000o\000n}{section.1}% 4
\BOOKMARK [1][-]{section.2}{\376\377\000\040\000O\000p\000t\000i\000m\000i\000z\000a\000t\000i\000o\000n\000\040\000p\000r\000o\000b\000l\000e\000m\000\040\000o\000f\000\040\000i\000n\000t\000e\000r\000e\000s\000t}{}% 5
\BOOKMARK [2][-]{subsection.2.1}{\376\377\000E\000x\000i\000s\000t\000e\000n\000c\000e\000\040\000r\000e\000s\000u\000l\000t}{section.2}% 6
\BOOKMARK [2][-]{subsection.2.2}{\376\377\000S\000o\000l\000v\000i\000n\000g\000\040\000w\000i\000t\000h\000\040\000i\000n\000e\000r\000t\000i\000a\000l\000\040\000m\000e\000t\000h\000o\000d\000s}{section.2}% 7
\BOOKMARK [2][-]{subsection.2.3}{\376\377\000C\000o\000n\000v\000e\000r\000g\000e\000n\000c\000e\000\040\000a\000n\000d\000\040\000l\000o\000c\000a\000l\000\040\000a\000n\000a\000l\000y\000s\000i\000s}{section.2}% 8
\BOOKMARK [1][-]{section.3}{\376\377\000D\000i\000f\000f\000e\000r\000e\000n\000t\000i\000a\000t\000i\000o\000n\000\040\000o\000f\000\040\000i\000n\000e\000r\000t\000i\000a\000l\000\040\000m\000e\000t\000h\000o\000d\000s\000\040}{}% 9
\BOOKMARK [2][-]{subsection.3.1}{\376\377\000C\000o\000n\000v\000e\000r\000g\000e\000n\000c\000e\000\040\000r\000e\000s\000u\000l\000t\000\040\000o\000f\000\040\000t\000h\000e\000\040\000d\000e\000r\000i\000v\000a\000t\000i\000v\000e\000\040\000o\000f\000\040\000t\000h\000e\000\040\000I\000M\000\040\000a\000l\000g\000o\000r\000i\000t\000h\000m}{section.3}% 10
\BOOKMARK [2][-]{subsection.3.2}{\376\377\000C\000o\000n\000v\000e\000r\000g\000e\000n\000c\000e\000\040\000r\000a\000t\000e\000s\000\040\000o\000f\000\040\000t\000h\000e\000\040\000d\000e\000r\000i\000v\000a\000t\000i\000v\000e\000\040}{section.3}% 11
\BOOKMARK [1][-]{section.4}{\376\377\000N\000u\000m\000e\000r\000i\000c\000a\000l\000\040\000E\000x\000p\000e\000r\000i\000m\000e\000n\000t\000s}{}% 12
\BOOKMARK [2][-]{subsection.4.1}{\376\377\000S\000o\000l\000v\000i\000n\000g\000\040\000u\000s\000i\000n\000g\000\040\000L\000e\000a\000s\000t\000-\000s\000q\000u\000a\000r\000e\000s\000\040\000o\000r\000\040\000l\000i\000n\000e\000a\000r\000\040\000r\000e\000g\000r\000e\000s\000s\000i\000o\000n}{section.4}% 13
\BOOKMARK [1][-]{section*.13}{\376\377\000A\000p\000p\000e\000n\000d\000i\000c\000e\000s}{}% 14
\BOOKMARK [1][-]{appendix.a.A}{\376\377\000P\000r\000o\000o\000f\000s\000\040\000f\000o\000r\000\040\000t\000h\000e\000\040\000c\000o\000n\000v\000e\000r\000g\000e\000n\000c\000e\000\040\000o\000f\000\040\000t\000h\000e\000\040\000s\000e\000q\000u\000e\000n\000c\000e}{}% 15
\BOOKMARK [2][-]{subsection.a.A.1}{\376\377\000I\000n\000t\000e\000r\000m\000e\000d\000i\000a\000t\000e\000\040\000r\000e\000s\000u\000l\000t}{appendix.a.A}% 16
\BOOKMARK [2][-]{subsection.a.A.2}{\376\377\000P\000r\000o\000o\000f\000\040\000o\000f\000\040\000L\000e\000m\000m\000a\000\040\0002\000.\0003}{appendix.a.A}% 17
\BOOKMARK [2][-]{subsection.a.A.3}{\376\377\000P\000r\000o\000o\000f\000\040\000o\000f\000\040\000P\000r\000o\000p\000o\000s\000i\000t\000i\000o\000n\000\040\0002\000.\0008}{appendix.a.A}% 18
\BOOKMARK [1][-]{appendix.a.B}{\376\377\000T\000o\000o\000l\000b\000o\000x\000\040\000f\000o\000r\000\040\000d\000i\000f\000f\000e\000r\000e\000n\000t\000i\000a\000t\000i\000o\000n}{}% 19
\BOOKMARK [1][-]{appendix.a.C}{\376\377\000P\000r\000o\000o\000f\000s\000\040\000f\000o\000r\000\040\000t\000h\000e\000\040\000d\000i\000f\000f\000e\000r\000e\000n\000t\000i\000a\000t\000i\000o\000n\000\040\000o\000f\000\040\000i\000n\000e\000r\000t\000i\000a\000l\000\040\000m\000e\000t\000h\000o\000d\000s\000\040}{}% 20
\BOOKMARK [2][-]{subsection.a.C.1}{\376\377\000P\000r\000o\000o\000f\000\040\000o\000f\000\040\000T\000h\000e\000o\000r\000e\000m\000\040\0003\000.\0006}{appendix.a.C}% 21
\BOOKMARK [2][-]{subsection.a.C.2}{\376\377\000P\000r\000o\000o\000f\000\040\000o\000f\000\040\000T\000h\000e\000o\000r\000e\000m\000\040\0003\000.\0006}{appendix.a.C}% 22
